<?xml version="1.0" encoding="UTF-8" ?>
<testsuite tests="3" failures="0" name="com.niit.shopigobackend.testcases.ProductDAOTestCase" time="9.338" errors="0" skipped="2">
  <properties>
[...]
</properties>
  <testcase classname="com.niit.shopigobackend.testcases.ProductDAOTestCase" name="deleteProductTest" time="4.325">
    <skipped/>
    <system-out>---Data Source Created---
---- Creating SessionFactory Bean ----
---- Transaction Manager ----
</system-out>
    <system-err>Aug 10, 2018 10:31:46 PM org.springframework.context.annotation.AnnotationConfigApplicationContext prepareRefresh
INFO: Refreshing org.springframework.context.annotation.AnnotationConfigApplicationContext@66048bfd: startup date [Fri Aug 10 22:31:46 IST 2018]; root of context hierarchy
Aug 10, 2018 10:31:47 PM org.springframework.jdbc.datasource.DriverManagerDataSource setDriverClassName
INFO: Loaded JDBC driver: org.h2.Driver
Aug 10, 2018 10:31:47 PM org.hibernate.annotations.common.reflection.java.JavaReflectionManager &lt;clinit&gt;
INFO: HCANN000001: Hibernate Commons Annotations {4.0.4.Final}
Aug 10, 2018 10:31:47 PM org.hibernate.Version logVersion
INFO: HHH000412: Hibernate Core {4.3.5.Final}
Aug 10, 2018 10:31:47 PM org.hibernate.cfg.Environment &lt;clinit&gt;
INFO: HHH000206: hibernate.properties not found
Aug 10, 2018 10:31:47 PM org.hibernate.cfg.Environment buildBytecodeProvider
INFO: HHH000021: Bytecode provider name : javassist
Aug 10, 2018 10:31:48 PM org.hibernate.dialect.Dialect &lt;init&gt;
INFO: HHH000400: Using dialect: org.hibernate.dialect.H2Dialect
Aug 10, 2018 10:31:48 PM org.hibernate.engine.transaction.internal.TransactionFactoryInitiator initiateService
INFO: HHH000399: Using default transaction strategy (direct JDBC transactions)
Aug 10, 2018 10:31:48 PM org.hibernate.hql.internal.ast.ASTQueryTranslatorFactory &lt;init&gt;
INFO: HHH000397: Using ASTQueryTranslatorFactory
Aug 10, 2018 10:31:48 PM org.hibernate.validator.internal.util.Version &lt;clinit&gt;
INFO: HV000001: Hibernate Validator 5.1.2.Final
Aug 10, 2018 10:31:49 PM org.hibernate.tool.hbm2ddl.SchemaUpdate execute
INFO: HHH000228: Running hbm2ddl schema update
Aug 10, 2018 10:31:49 PM org.hibernate.tool.hbm2ddl.SchemaUpdate execute
INFO: HHH000102: Fetching database metadata
Aug 10, 2018 10:31:49 PM org.hibernate.tool.hbm2ddl.SchemaUpdate execute
INFO: HHH000396: Updating schema
Aug 10, 2018 10:31:49 PM org.hibernate.tool.hbm2ddl.TableMetadata &lt;init&gt;
INFO: HHH000261: Table found: SHOPPINGCART.PUBLIC.CART
Aug 10, 2018 10:31:49 PM org.hibernate.tool.hbm2ddl.TableMetadata &lt;init&gt;
INFO: HHH000037: Columns: [quantity, productid, price, cartid, productname, status, username]
Aug 10, 2018 10:31:49 PM org.hibernate.tool.hbm2ddl.TableMetadata &lt;init&gt;
INFO: HHH000108: Foreign keys: []
Aug 10, 2018 10:31:49 PM org.hibernate.tool.hbm2ddl.TableMetadata &lt;init&gt;
INFO: HHH000126: Indexes: [primary_key_1]
Aug 10, 2018 10:31:49 PM org.hibernate.tool.hbm2ddl.TableMetadata &lt;init&gt;
INFO: HHH000261: Table found: SHOPPINGCART.PUBLIC.CATEGORY
Aug 10, 2018 10:31:49 PM org.hibernate.tool.hbm2ddl.TableMetadata &lt;init&gt;
INFO: HHH000037: Columns: [categorydesc, categoryname, categoryid]
Aug 10, 2018 10:31:49 PM org.hibernate.tool.hbm2ddl.TableMetadata &lt;init&gt;
INFO: HHH000108: Foreign keys: []
Aug 10, 2018 10:31:49 PM org.hibernate.tool.hbm2ddl.TableMetadata &lt;init&gt;
INFO: HHH000126: Indexes: [primary_key_3]
Aug 10, 2018 10:31:49 PM org.hibernate.tool.hbm2ddl.TableMetadata &lt;init&gt;
INFO: HHH000261: Table found: SHOPPINGCART.PUBLIC.ORDERS
Aug 10, 2018 10:31:49 PM org.hibernate.tool.hbm2ddl.TableMetadata &lt;init&gt;
INFO: HHH000037: Columns: [paymentmode, purchasevalue, orderid, orderdate, username]
Aug 10, 2018 10:31:49 PM org.hibernate.tool.hbm2ddl.TableMetadata &lt;init&gt;
INFO: HHH000108: Foreign keys: []
Aug 10, 2018 10:31:49 PM org.hibernate.tool.hbm2ddl.TableMetadata &lt;init&gt;
INFO: HHH000126: Indexes: [primary_key_8]
Aug 10, 2018 10:31:49 PM org.hibernate.tool.hbm2ddl.TableMetadata &lt;init&gt;
INFO: HHH000261: Table found: SHOPPINGCART.PUBLIC.PRODUCT
Aug 10, 2018 10:31:49 PM org.hibernate.tool.hbm2ddl.TableMetadata &lt;init&gt;
INFO: HHH000037: Columns: [productid, added_date, price, productname, proddesc, stock, categoryid]
Aug 10, 2018 10:31:49 PM org.hibernate.tool.hbm2ddl.TableMetadata &lt;init&gt;
INFO: HHH000108: Foreign keys: []
Aug 10, 2018 10:31:49 PM org.hibernate.tool.hbm2ddl.TableMetadata &lt;init&gt;
INFO: HHH000126: Indexes: [primary_key_18]
Aug 10, 2018 10:31:49 PM org.hibernate.tool.hbm2ddl.TableMetadata &lt;init&gt;
INFO: HHH000261: Table found: SHOPPINGCART.PUBLIC.USER
Aug 10, 2018 10:31:49 PM org.hibernate.tool.hbm2ddl.TableMetadata &lt;init&gt;
INFO: HHH000037: Columns: [password, address, role, added_date, emailid, mobileno, customername, enabled, username]
Aug 10, 2018 10:31:49 PM org.hibernate.tool.hbm2ddl.TableMetadata &lt;init&gt;
INFO: HHH000108: Foreign keys: []
Aug 10, 2018 10:31:49 PM org.hibernate.tool.hbm2ddl.TableMetadata &lt;init&gt;
INFO: HHH000126: Indexes: [primary_key_2]
Aug 10, 2018 10:31:49 PM org.hibernate.tool.hbm2ddl.SchemaUpdate execute
INFO: HHH000232: Schema update complete
Aug 10, 2018 10:31:50 PM org.springframework.orm.hibernate4.HibernateTransactionManager afterPropertiesSet
INFO: Using DataSource [org.springframework.jdbc.datasource.DriverManagerDataSource@233795b6] of Hibernate SessionFactory for HibernateTransactionManager
</system-err>
  </testcase>
  <testcase classname="com.niit.shopigobackend.testcases.ProductDAOTestCase" name="addProductTest" time="4.327">
    <skipped/>
  </testcase>
  <testcase classname="com.niit.shopigobackend.testcases.ProductDAOTestCase" name="listProductsTest" time="0.686"/>
</testsuite>